<?xml version="1.0" encoding="UTF-8"?>
<!-- Generated by org.testng.reporters.JUnitReportReporter -->
<testsuite hostname="DESKTOP-VNDLSPL" failures="0" tests="1" name="runner.Test_Runner" time="4.399" errors="0" timestamp="2023-03-31T18:16:30 IST" skipped="0">
  <testcase classname="runner.Test_Runner" name="runScenario" time="4.399"/>
  <system-out/>
</testsuite> <!-- runner.Test_Runner -->
